Mono path[0] = 'C:/Games/Hollow Knight Silksong/Hollow Knight Silksong_Data/Managed'
Mono config path = 'C:/Games/Hollow Knight Silksong/MonoBleedingEdge/etc'
Input System module state changed to: Initialized.
[Physics::Module] Initialized fallback backend.
[Physics::Module] Id: 0xdecafbad
Initialize engine version: 6000.0.50f1-uum-100966-branch1 (16f07294548e)
[Subsystems] Discovering subsystems at path C:/Games/Hollow Knight Silksong/Hollow Knight Silksong_Data/UnitySubsystems
GfxDevice: creating device client; kGfxThreadingModeThreaded
Direct3D:
    Version:  Direct3D 11.0 [level 11.1]
    Renderer: NVIDIA GeForce RTX 3060 Ti (ID=0x2489)
    Vendor:   NVIDIA
    VRAM:     8024 MB
    Driver:   32.0.15.9159
Begin MonoManager ReloadAssembly
- Loaded All Assemblies, in  5.555 seconds
- Finished resetting the current domain, in  0.004 seconds
[Physics::Module] Selected backend.
[Physics::Module] Name: PhysX
[Physics::Module] Id: 0xf2b8ea05
[Physics::Module] SDK Version: 4.1.2
[Physics::Module] Integration Version: 1.0.0
[Physics::Module] Threading Mode: Multi-Threaded
<RI> Initializing input.
Using Windows.Gaming.Input
<RI> Input initialized.
Input System polling thread started.
<RI> Initialized touch support.
UnloadTime: 4.991100 ms
GOG signing in...
Selected online subsystem GOGGalaxyOnlineSubsystem
Unloading 5 Unused Serialized files (Serialized files now loaded: 528)
UnloadTime: 2.113800 ms
Discovered supported languages: DE, EN, ES, FR, IT, JA, KO, PT, RU, ZH
Loaded saved language code 'RU'
Restored language code 'RU'
Couldn't find a Game Manager, make sure one exists in the scene.
Couldn't find a Game Manager, make sure one exists in the scene.
Couldn't find GameCameras, make sure one exists in the scene.
Unloading 51 unused Assets to reduce memory usage. Loaded Objects now: 6506.
Total: 7.556600 ms (FindLiveObjects: 0.564000 ms CreateObjectMapping: 0.215000 ms MarkObjects: 6.718000 ms  DeleteObjects: 0.040000 ms)

Unloading 1 Unused Serialized files (Serialized files now loaded: 528)
Unloading 0 unused Assets to reduce memory usage. Loaded Objects now: 6506.
Total: 4.712700 ms (FindLiveObjects: 0.276900 ms CreateObjectMapping: 0.182500 ms MarkObjects: 4.242600 ms  DeleteObjects: 0.010300 ms)

Unloading 1 Unused Serialized files (Serialized files now loaded: 582)
GOG authorization failed: FAILURE_REASON_GALAXY_SERVICE_NOT_AVAILABLE
Couldn't find GameCameras, make sure one exists in the scene.
Couldn't find a Game Manager, make sure one exists in the scene.
UnloadTime: 12.185700 ms
Loaded saved language code 'RU'
Restored language code 'RU'
Unloading 73 unused Assets to reduce memory usage. Loaded Objects now: 67997.
Total: 41.089600 ms (FindLiveObjects: 10.875000 ms CreateObjectMapping: 4.655100 ms MarkObjects: 24.915900 ms  DeleteObjects: 0.642800 ms)

MenuButton missing flashEffect!
Making UI menu lean.
Only custom filters can be played. Please add a custom filter or an audioclip to the audiosource (Audio Player Actor Distant V2(Clone)).
Only custom filters can be played. Please add a custom filter or an audioclip to the audiosource (Audio Player Actor Distant V2(Clone)).
Only custom filters can be played. Please add a custom filter or an audioclip to the audiosource (Audio Player Actor Distant V2(Clone)).
Unloading 3 Unused Serialized files (Serialized files now loaded: 614)
Unloading 111 unused Assets to reduce memory usage. Loaded Objects now: 121542.
Total: 65.244200 ms (FindLiveObjects: 15.530400 ms CreateObjectMapping: 11.896600 ms MarkObjects: 36.257800 ms  DeleteObjects: 1.558800 ms)

Converting Vertex Colors from Color32 to Color.
Converting Vertex Colors from Color32 to Color.
Converting Vertex Colors from Color32 to Color.
Could Not Create Action: : Behaviour: Sing:  (Maybe the script was removed?)
Could Not Create Action: : Behaviour: Sing:  (Maybe the script was removed?)
Cannot set the parent of the GameObject 'Water Point L' while activating or deactivating the parent GameObject 'Caravan Troupe Flea Swimmer'.
Cannot set the parent of the GameObject 'Water Point R' while activating or deactivating the parent GameObject 'Caravan Troupe Flea Swimmer'.
Cannot set the parent of the GameObject 'Dive Point' while activating or deactivating the parent GameObject 'Caravan Troupe Flea Swimmer'.
Cannot set the parent of the GameObject 'Start Point' while activating or deactivating the parent GameObject 'Caravan Troupe Flea Swimmer'.
Cannot set the parent of the GameObject 'Water Point L' while activating or deactivating the parent GameObject 'Caravan Troupe Flea Swimmer (1)'.
Cannot set the parent of the GameObject 'Water Point R' while activating or deactivating the parent GameObject 'Caravan Troupe Flea Swimmer (1)'.
Cannot set the parent of the GameObject 'Dive Point' while activating or deactivating the parent GameObject 'Caravan Troupe Flea Swimmer (1)'.
Cannot set the parent of the GameObject 'Start Point' while activating or deactivating the parent GameObject 'Caravan Troupe Flea Swimmer (1)'.
Can not play a disabled audio source
Can not play a disabled audio source
Can not play a disabled audio source
Can not play a disabled audio source
Cannot use 'linearVelocity' on a static body.
Unloading 1 Unused Serialized files (Serialized files now loaded: 668)
Unloading 6212 unused Assets to reduce memory usage. Loaded Objects now: 139115.
Total: 150.970700 ms (FindLiveObjects: 20.829300 ms CreateObjectMapping: 9.921100 ms MarkObjects: 54.603300 ms  DeleteObjects: 65.616400 ms)

Could Not Create Action: : Behaviour: Sing:  (Maybe the script was removed?)
Could Not Create Action: : Behaviour: Sing:  (Maybe the script was removed?)
Cannot set the parent of the GameObject 'Water Point L' while activating or deactivating the parent GameObject 'Caravan Troupe Flea Swimmer'.
Cannot set the parent of the GameObject 'Water Point R' while activating or deactivating the parent GameObject 'Caravan Troupe Flea Swimmer'.
Cannot set the parent of the GameObject 'Dive Point' while activating or deactivating the parent GameObject 'Caravan Troupe Flea Swimmer'.
Cannot set the parent of the GameObject 'Start Point' while activating or deactivating the parent GameObject 'Caravan Troupe Flea Swimmer'.
Cannot set the parent of the GameObject 'Water Point L' while activating or deactivating the parent GameObject 'Caravan Troupe Flea Swimmer (1)'.
Cannot set the parent of the GameObject 'Water Point R' while activating or deactivating the parent GameObject 'Caravan Troupe Flea Swimmer (1)'.
Cannot set the parent of the GameObject 'Dive Point' while activating or deactivating the parent GameObject 'Caravan Troupe Flea Swimmer (1)'.
Cannot set the parent of the GameObject 'Start Point' while activating or deactivating the parent GameObject 'Caravan Troupe Flea Swimmer (1)'.
Can not play a disabled audio source
Can not play a disabled audio source
Cannot set the parent of the GameObject 'Air Blow Region Updraft(Clone)' while activating or deactivating the parent GameObject 'Updraft Region'.
Only custom filters can be played. Please add a custom filter or an audioclip to the audiosource (Audio Player Actor Distant V2(Clone)).
Only custom filters can be played. Please add a custom filter or an audioclip to the audiosource (Audio Player Actor Distant V2(Clone)).
Only custom filters can be played. Please add a custom filter or an audioclip to the audiosource (Audio Player Actor Distant V2(Clone)).
Only custom filters can be played. Please add a custom filter or an audioclip to the audiosource (Audio Player Actor Distant V2(Clone)).
Only custom filters can be played. Please add a custom filter or an audioclip to the audiosource (Audio Player Actor Distant V2(Clone)).
Only custom filters can be played. Please add a custom filter or an audioclip to the audiosource (Audio Player Actor Distant V2(Clone)).
Only custom filters can be played. Please add a custom filter or an audioclip to the audiosource (Audio Player Actor Distant V2(Clone)).
Only custom filters can be played. Please add a custom filter or an audioclip to the audiosource (Audio Player Actor Distant V2(Clone)).
Only custom filters can be played. Please add a custom filter or an audioclip to the audiosource (Audio Player Actor Distant V2(Clone)).
Only custom filters can be played. Please add a custom filter or an audioclip to the audiosource (Audio Player Actor Distant V2(Clone)).
Only custom filters can be played. Please add a custom filter or an audioclip to the audiosource (Audio Player Actor Distant V2(Clone)).
Only custom filters can be played. Please add a custom filter or an audioclip to the audiosource (Audio Player Actor Distant V2(Clone)).
Cannot use 'linearVelocity' on a static body.
Only custom filters can be played. Please add a custom filter or an audioclip to the audiosource (Audio Player Actor Distant V2(Clone)).
Only custom filters can be played. Please add a custom filter or an audioclip to the audiosource (Audio Player Actor Distant V2(Clone)).
Only custom filters can be played. Please add a custom filter or an audioclip to the audiosource (Audio Player Actor Distant V2(Clone)).
Only custom filters can be played. Please add a custom filter or an audioclip to the audiosource (Audio Player Actor Distant V2(Clone)).
Only custom filters can be played. Please add a custom filter or an audioclip to the audiosource (Audio Player Actor Distant V2(Clone)).
Only custom filters can be played. Please add a custom filter or an audioclip to the audiosource (Audio Player Actor Distant V2(Clone)).
Only custom filters can be played. Please add a custom filter or an audioclip to the audiosource (Audio Player Actor Distant V2(Clone)).
Only custom filters can be played. Please add a custom filter or an audioclip to the audiosource (Audio Player Actor Distant V2(Clone)).
Only custom filters can be played. Please add a custom filter or an audioclip to the audiosource (Audio Player Actor Distant V2(Clone)).
Only custom filters can be played. Please add a custom filter or an audioclip to the audiosource (Audio Player Actor Distant V2(Clone)).
Only custom filters can be played. Please add a custom filter or an audioclip to the audiosource (Audio Player Actor Distant V2(Clone)).
Only custom filters can be played. Please add a custom filter or an audioclip to the audiosource (Audio Player Actor Distant V2(Clone)).
Only custom filters can be played. Please add a custom filter or an audioclip to the audiosource (Audio Player Actor Distant V2(Clone)).
Only custom filters can be played. Please add a custom filter or an audioclip to the audiosource (Audio Player Actor Distant V2(Clone)).
Only custom filters can be played. Please add a custom filter or an audioclip to the audiosource (Audio Player Actor Distant V2(Clone)).
Only custom filters can be played. Please add a custom filter or an audioclip to the audiosource (Audio Player Actor Distant V2(Clone)).
Only custom filters can be played. Please add a custom filter or an audioclip to the audiosource (Audio Player Actor Distant V2(Clone)).
Only custom filters can be played. Please add a custom filter or an audioclip to the audiosource (Audio Player Actor Distant V2(Clone)).
Only custom filters can be played. Please add a custom filter or an audioclip to the audiosource (Audio Player Actor Distant V2(Clone)).
Only custom filters can be played. Please add a custom filter or an audioclip to the audiosource (Audio Player Actor Distant V2(Clone)).
Only custom filters can be played. Please add a custom filter or an audioclip to the audiosource (Audio Player Actor Distant V2(Clone)).
Only custom filters can be played. Please add a custom filter or an audioclip to the audiosource (Audio Player Actor Distant V2(Clone)).
Only custom filters can be played. Please add a custom filter or an audioclip to the audiosource (Audio Player Actor Distant V2(Clone)).
Only custom filters can be played. Please add a custom filter or an audioclip to the audiosource (Audio Player Actor Distant V2(Clone)).
Only custom filters can be played. Please add a custom filter or an audioclip to the audiosource (Audio Player Actor Distant V2(Clone)).
Only custom filters can be played. Please add a custom filter or an audioclip to the audiosource (Audio Player Actor Distant V2(Clone)).
Only custom filters can be played. Please add a custom filter or an audioclip to the audiosource (Audio Player Actor Distant V2(Clone)).
Only custom filters can be played. Please add a custom filter or an audioclip to the audiosource (Audio Player Actor Distant V2(Clone)).
Only custom filters can be played. Please add a custom filter or an audioclip to the audiosource (Audio Player Actor Distant V2(Clone)).
Only custom filters can be played. Please add a custom filter or an audioclip to the audiosource (Audio Player Actor Distant V2(Clone)).
Only custom filters can be played. Please add a custom filter or an audioclip to the audiosource (Audio Player Actor Distant V2(Clone)).
Only custom filters can be played. Please add a custom filter or an audioclip to the audiosource (Audio Player Actor Distant V2(Clone)).
Only custom filters can be played. Please add a custom filter or an audioclip to the audiosource (Audio Player Actor Distant V2(Clone)).
Only custom filters can be played. Please add a custom filter or an audioclip to the audiosource (Audio Player Actor Distant V2(Clone)).
Only custom filters can be played. Please add a custom filter or an audioclip to the audiosource (Audio Player Actor Distant V2(Clone)).
Only custom filters can be played. Please add a custom filter or an audioclip to the audiosource (Audio Player Actor Distant V2(Clone)).
Only custom filters can be played. Please add a custom filter or an audioclip to the audiosource (Audio Player Actor Distant V2(Clone)).
Only custom filters can be played. Please add a custom filter or an audioclip to the audiosource (Audio Player Actor Distant V2(Clone)).
Only custom filters can be played. Please add a custom filter or an audioclip to the audiosource (Audio Player Actor Distant V2(Clone)).
Only custom filters can be played. Please add a custom filter or an audioclip to the audiosource (Audio Player Actor Distant V2(Clone)).
Only custom filters can be played. Please add a custom filter or an audioclip to the audiosource (Audio Player Actor Distant V2(Clone)).
Only custom filters can be played. Please add a custom filter or an audioclip to the audiosource (Audio Player Actor Distant V2(Clone)).
Only custom filters can be played. Please add a custom filter or an audioclip to the audiosource (Audio Player Actor Distant V2(Clone)).
Only custom filters can be played. Please add a custom filter or an audioclip to the audiosource (Audio Player Actor Distant V2(Clone)).
Only custom filters can be played. Please add a custom filter or an audioclip to the audiosource (Audio Player Actor Distant V2(Clone)).
Only custom filters can be played. Please add a custom filter or an audioclip to the audiosource (Audio Player Actor Distant V2(Clone)).
Using fallback 1 to find tilemap. Scene Bellshrine_02 requires manual fixing.
Only custom filters can be played. Please add a custom filter or an audioclip to the audiosource (Audio Player Actor Distant V2(Clone)).
Only custom filters can be played. Please add a custom filter or an audioclip to the audiosource (Audio Player Actor Distant V2(Clone)).
Only custom filters can be played. Please add a custom filter or an audioclip to the audiosource (Audio Player Actor Distant V2(Clone)).
Only custom filters can be played. Please add a custom filter or an audioclip to the audiosource (Audio Player Actor Distant V2(Clone)).
Only custom filters can be played. Please add a custom filter or an audioclip to the audiosource (Audio Player Actor Distant V2(Clone)).
Only custom filters can be played. Please add a custom filter or an audioclip to the audiosource (Audio Player Actor Distant V2(Clone)).
Only custom filters can be played. Please add a custom filter or an audioclip to the audiosource (Audio Player Actor Distant V2(Clone)).
Only custom filters can be played. Please add a custom filter or an audioclip to the audiosource (Audio Player Actor Distant V2(Clone)).
Only custom filters can be played. Please add a custom filter or an audioclip to the audiosource (Audio Player Actor Distant V2(Clone)).
Only custom filters can be played. Please add a custom filter or an audioclip to the audiosource (Audio Player Actor Distant V2(Clone)).
Only custom filters can be played. Please add a custom filter or an audioclip to the audiosource (Audio Player Actor Distant V2(Clone)).
Only custom filters can be played. Please add a custom filter or an audioclip to the audiosource (Audio Player Actor Distant V2(Clone)).
Only custom filters can be played. Please add a custom filter or an audioclip to the audiosource (Audio Player Actor Distant V2(Clone)).
Only custom filters can be played. Please add a custom filter or an audioclip to the audiosource (Audio Player Actor Distant V2(Clone)).
Only custom filters can be played. Please add a custom filter or an audioclip to the audiosource (Audio Player Actor Distant V2(Clone)).
Only custom filters can be played. Please add a custom filter or an audioclip to the audiosource (Audio Player Actor Distant V2(Clone)).
Only custom filters can be played. Please add a custom filter or an audioclip to the audiosource (Audio Player Actor Distant V2(Clone)).
Only custom filters can be played. Please add a custom filter or an audioclip to the audiosource (Audio Player Actor Distant V2(Clone)).
Only custom filters can be played. Please add a custom filter or an audioclip to the audiosource (Audio Player Actor Distant V2(Clone)).
Only custom filters can be played. Please add a custom filter or an audioclip to the audiosource (Audio Player Actor Distant V2(Clone)).
Only custom filters can be played. Please add a custom filter or an audioclip to the audiosource (Audio Player Actor Distant V2(Clone)).
Only custom filters can be played. Please add a custom filter or an audioclip to the audiosource (Audio Player Actor Distant V2(Clone)).
Only custom filters can be played. Please add a custom filter or an audioclip to the audiosource (Audio Player Actor Distant V2(Clone)).
Only custom filters can be played. Please add a custom filter or an audioclip to the audiosource (Audio Player Actor Distant V2(Clone)).
Only custom filters can be played. Please add a custom filter or an audioclip to the audiosource (Audio Player Actor Distant V2(Clone)).
Only custom filters can be played. Please add a custom filter or an audioclip to the audiosource (Audio Player Actor Distant V2(Clone)).
Only custom filters can be played. Please add a custom filter or an audioclip to the audiosource (Audio Player Actor Distant V2(Clone)).
Only custom filters can be played. Please add a custom filter or an audioclip to the audiosource (Audio Player Actor Distant V2(Clone)).
Only custom filters can be played. Please add a custom filter or an audioclip to the audiosource (Audio Player Actor Distant V2(Clone)).
Only custom filters can be played. Please add a custom filter or an audioclip to the audiosource (Audio Player Actor Distant V2(Clone)).
Only custom filters can be played. Please add a custom filter or an audioclip to the audiosource (Audio Player Actor Distant V2(Clone)).
Only custom filters can be played. Please add a custom filter or an audioclip to the audiosource (Audio Player Actor Distant V2(Clone)).
Only custom filters can be played. Please add a custom filter or an audioclip to the audiosource (Audio Player Actor Distant V2(Clone)).
Only custom filters can be played. Please add a custom filter or an audioclip to the audiosource (Audio Player Actor Distant V2(Clone)).
Only custom filters can be played. Please add a custom filter or an audioclip to the audiosource (Audio Player Actor Distant V2(Clone)).
Only custom filters can be played. Please add a custom filter or an audioclip to the audiosource (Audio Player Actor Distant V2(Clone)).
Only custom filters can be played. Please add a custom filter or an audioclip to the audiosource (Audio Player Actor Distant V2(Clone)).
Only custom filters can be played. Please add a custom filter or an audioclip to the audiosource (Audio Player Actor Distant V2(Clone)).
Only custom filters can be played. Please add a custom filter or an audioclip to the audiosource (Audio Player Actor Distant V2(Clone)).
Only custom filters can be played. Please add a custom filter or an audioclip to the audiosource (Audio Player Actor Distant V2(Clone)).
Only custom filters can be played. Please add a custom filter or an audioclip to the audiosource (Audio Player Actor Distant V2(Clone)).
Only custom filters can be played. Please add a custom filter or an audioclip to the audiosource (Audio Player Actor Distant V2(Clone)).
Only custom filters can be played. Please add a custom filter or an audioclip to the audiosource (Audio Player Actor Distant V2(Clone)).
Only custom filters can be played. Please add a custom filter or an audioclip to the audiosource (Audio Player Actor Distant V2(Clone)).
Only custom filters can be played. Please add a custom filter or an audioclip to the audiosource (Audio Player Actor Distant V2(Clone)).
Only custom filters can be played. Please add a custom filter or an audioclip to the audiosource (Audio Player Actor Distant V2(Clone)).
Only custom filters can be played. Please add a custom filter or an audioclip to the audiosource (Audio Player Actor Distant V2(Clone)).
Only custom filters can be played. Please add a custom filter or an audioclip to the audiosource (Audio Player Actor Distant V2(Clone)).
Only custom filters can be played. Please add a custom filter or an audioclip to the audiosource (Audio Player Actor Distant V2(Clone)).
Only custom filters can be played. Please add a custom filter or an audioclip to the audiosource (Audio Player Actor Distant V2(Clone)).
Only custom filters can be played. Please add a custom filter or an audioclip to the audiosource (Audio Player Actor Distant V2(Clone)).
Only custom filters can be played. Please add a custom filter or an audioclip to the audiosource (Audio Player Actor Distant V2(Clone)).
Only custom filters can be played. Please add a custom filter or an audioclip to the audiosource (Audio Player Actor Distant V2(Clone)).
Only custom filters can be played. Please add a custom filter or an audioclip to the audiosource (Audio Player Actor Distant V2(Clone)).
Only custom filters can be played. Please add a custom filter or an audioclip to the audiosource (Audio Player Actor Distant V2(Clone)).
Only custom filters can be played. Please add a custom filter or an audioclip to the audiosource (Audio Player Actor Distant V2(Clone)).
Only custom filters can be played. Please add a custom filter or an audioclip to the audiosource (Audio Player Actor Distant V2(Clone)).
Only custom filters can be played. Please add a custom filter or an audioclip to the audiosource (Audio Player Actor Distant V2(Clone)).
Only custom filters can be played. Please add a custom filter or an audioclip to the audiosource (Audio Player Actor Distant V2(Clone)).
Only custom filters can be played. Please add a custom filter or an audioclip to the audiosource (Audio Player Actor Distant V2(Clone)).
Only custom filters can be played. Please add a custom filter or an audioclip to the audiosource (Audio Player Actor Distant V2(Clone)).
Only custom filters can be played. Please add a custom filter or an audioclip to the audiosource (Audio Player Actor Distant V2(Clone)).
Only custom filters can be played. Please add a custom filter or an audioclip to the audiosource (Audio Player Actor Distant V2(Clone)).
Only custom filters can be played. Please add a custom filter or an audioclip to the audiosource (Audio Player Actor Distant V2(Clone)).
Only custom filters can be played. Please add a custom filter or an audioclip to the audiosource (Audio Player Actor Distant V2(Clone)).
Only custom filters can be played. Please add a custom filter or an audioclip to the audiosource (Audio Player Actor Distant V2(Clone)).
Only custom filters can be played. Please add a custom filter or an audioclip to the audiosource (Audio Player Actor Distant V2(Clone)).
Only custom filters can be played. Please add a custom filter or an audioclip to the audiosource (Audio Player Actor Distant V2(Clone)).
Only custom filters can be played. Please add a custom filter or an audioclip to the audiosource (Audio Player Actor Distant V2(Clone)).
Only custom filters can be played. Please add a custom filter or an audioclip to the audiosource (Audio Player Actor Distant V2(Clone)).
Only custom filters can be played. Please add a custom filter or an audioclip to the audiosource (Audio Player Actor Distant V2(Clone)).
Only custom filters can be played. Please add a custom filter or an audioclip to the audiosource (Audio Player Actor Distant V2(Clone)).
Only custom filters can be played. Please add a custom filter or an audioclip to the audiosource (Audio Player Actor Distant V2(Clone)).
Only custom filters can be played. Please add a custom filter or an audioclip to the audiosource (Audio Player Actor Distant V2(Clone)).
Only custom filters can be played. Please add a custom filter or an audioclip to the audiosource (Audio Player Actor Distant V2(Clone)).
Only custom filters can be played. Please add a custom filter or an audioclip to the audiosource (Audio Player Actor Distant V2(Clone)).
Only custom filters can be played. Please add a custom filter or an audioclip to the audiosource (Audio Player Actor Distant V2(Clone)).
Only custom filters can be played. Please add a custom filter or an audioclip to the audiosource (Audio Player Actor Distant V2(Clone)).
Only custom filters can be played. Please add a custom filter or an audioclip to the audiosource (Audio Player Actor Distant V2(Clone)).
Only custom filters can be played. Please add a custom filter or an audioclip to the audiosource (Audio Player Actor Distant V2(Clone)).
Only custom filters can be played. Please add a custom filter or an audioclip to the audiosource (Audio Player Actor Distant V2(Clone)).
Only custom filters can be played. Please add a custom filter or an audioclip to the audiosource (Audio Player Actor Distant V2(Clone)).
Only custom filters can be played. Please add a custom filter or an audioclip to the audiosource (Audio Player Actor Distant V2(Clone)).
Only custom filters can be played. Please add a custom filter or an audioclip to the audiosource (Audio Player Actor Distant V2(Clone)).
Only custom filters can be played. Please add a custom filter or an audioclip to the audiosource (Audio Player Actor Distant V2(Clone)).
Only custom filters can be played. Please add a custom filter or an audioclip to the audiosource (Audio Player Actor Distant V2(Clone)).
Only custom filters can be played. Please add a custom filter or an audioclip to the audiosource (Audio Player Actor Distant V2(Clone)).
Only custom filters can be played. Please add a custom filter or an audioclip to the audiosource (Audio Player Actor Distant V2(Clone)).
Only custom filters can be played. Please add a custom filter or an audioclip to the audiosource (Audio Player Actor Distant V2(Clone)).
Only custom filters can be played. Please add a custom filter or an audioclip to the audiosource (Audio Player Actor Distant V2(Clone)).
Only custom filters can be played. Please add a custom filter or an audioclip to the audiosource (Audio Player Actor Distant V2(Clone)).
Only custom filters can be played. Please add a custom filter or an audioclip to the audiosource (Audio Player Actor Distant V2(Clone)).
Only custom filters can be played. Please add a custom filter or an audioclip to the audiosource (Audio Player Actor Distant V2(Clone)).
Only custom filters can be played. Please add a custom filter or an audioclip to the audiosource (Audio Player Actor Distant V2(Clone)).
Only custom filters can be played. Please add a custom filter or an audioclip to the audiosource (Audio Player Actor Distant V2(Clone)).
Only custom filters can be played. Please add a custom filter or an audioclip to the audiosource (Audio Player Actor Distant V2(Clone)).
Using fallback 1 to find tilemap. Scene Bellshrine_02 requires manual fixing.
Using fallback 1 to find tilemap. Scene Bellshrine_02 requires manual fixing.
Only custom filters can be played. Please add a custom filter or an audioclip to the audiosource (Audio Player Actor Distant V2(Clone)).
Only custom filters can be played. Please add a custom filter or an audioclip to the audiosource (Audio Player Actor Distant V2(Clone)).
Only custom filters can be played. Please add a custom filter or an audioclip to the audiosource (Audio Player Actor Distant V2(Clone)).
Only custom filters can be played. Please add a custom filter or an audioclip to the audiosource (Audio Player Actor Distant V2(Clone)).
Only custom filters can be played. Please add a custom filter or an audioclip to the audiosource (Audio Player Actor Distant V2(Clone)).
Only custom filters can be played. Please add a custom filter or an audioclip to the audiosource (Audio Player Actor Distant V2(Clone)).
Only custom filters can be played. Please add a custom filter or an audioclip to the audiosource (Audio Player Actor Distant V2(Clone)).
Only custom filters can be played. Please add a custom filter or an audioclip to the audiosource (Audio Player Actor Distant V2(Clone)).
Only custom filters can be played. Please add a custom filter or an audioclip to the audiosource (Audio Player Actor Distant V2(Clone)).
Only custom filters can be played. Please add a custom filter or an audioclip to the audiosource (Audio Player Actor Distant V2(Clone)).
Only custom filters can be played. Please add a custom filter or an audioclip to the audiosource (Audio Player Actor Distant V2(Clone)).
Only custom filters can be played. Please add a custom filter or an audioclip to the audiosource (Audio Player Actor Distant V2(Clone)).
Only custom filters can be played. Please add a custom filter or an audioclip to the audiosource (Audio Player Actor Distant V2(Clone)).
Only custom filters can be played. Please add a custom filter or an audioclip to the audiosource (Audio Player Actor Distant V2(Clone)).
Only custom filters can be played. Please add a custom filter or an audioclip to the audiosource (Audio Player Actor Distant V2(Clone)).
Only custom filters can be played. Please add a custom filter or an audioclip to the audiosource (Audio Player Actor Distant V2(Clone)).
Only custom filters can be played. Please add a custom filter or an audioclip to the audiosource (Audio Player Actor Distant V2(Clone)).
Only custom filters can be played. Please add a custom filter or an audioclip to the audiosource (Audio Player Actor Distant V2(Clone)).
Only custom filters can be played. Please add a custom filter or an audioclip to the audiosource (Audio Player Actor Distant V2(Clone)).
Only custom filters can be played. Please add a custom filter or an audioclip to the audiosource (Audio Player Actor Distant V2(Clone)).
Only custom filters can be played. Please add a custom filter or an audioclip to the audiosource (Audio Player Actor Distant V2(Clone)).
Only custom filters can be played. Please add a custom filter or an audioclip to the audiosource (Audio Player Actor Distant V2(Clone)).
Only custom filters can be played. Please add a custom filter or an audioclip to the audiosource (Audio Player Actor Distant V2(Clone)).
Only custom filters can be played. Please add a custom filter or an audioclip to the audiosource (Audio Player Actor Distant V2(Clone)).
Only custom filters can be played. Please add a custom filter or an audioclip to the audiosource (Audio Player Actor Distant V2(Clone)).
Only custom filters can be played. Please add a custom filter or an audioclip to the audiosource (Audio Player Actor Distant V2(Clone)).
Only custom filters can be played. Please add a custom filter or an audioclip to the audiosource (Audio Player Actor Distant V2(Clone)).
Only custom filters can be played. Please add a custom filter or an audioclip to the audiosource (Audio Player Actor Distant V2(Clone)).
Only custom filters can be played. Please add a custom filter or an audioclip to the audiosource (Audio Player Actor Distant V2(Clone)).
Only custom filters can be played. Please add a custom filter or an audioclip to the audiosource (Audio Player Actor Distant V2(Clone)).
Only custom filters can be played. Please add a custom filter or an audioclip to the audiosource (Audio Player Actor Distant V2(Clone)).
Only custom filters can be played. Please add a custom filter or an audioclip to the audiosource (Audio Player Actor Distant V2(Clone)).
Only custom filters can be played. Please add a custom filter or an audioclip to the audiosource (Audio Player Actor Distant V2(Clone)).
Only custom filters can be played. Please add a custom filter or an audioclip to the audiosource (Audio Player Actor Distant V2(Clone)).
Only custom filters can be played. Please add a custom filter or an audioclip to the audiosource (Audio Player Actor Distant V2(Clone)).
Only custom filters can be played. Please add a custom filter or an audioclip to the audiosource (Audio Player Actor Distant V2(Clone)).
Only custom filters can be played. Please add a custom filter or an audioclip to the audiosource (Audio Player Actor Distant V2(Clone)).
Only custom filters can be played. Please add a custom filter or an audioclip to the audiosource (Audio Player Actor Distant V2(Clone)).
Only custom filters can be played. Please add a custom filter or an audioclip to the audiosource (Audio Player Actor Distant V2(Clone)).
Only custom filters can be played. Please add a custom filter or an audioclip to the audiosource (Audio Player Actor Distant V2(Clone)).
Cannot set the parent of the GameObject 'Air Blow Region Updraft(Clone)' while activating or deactivating the parent GameObject 'Updraft Region'.
Can not play a disabled audio source
Can not play a disabled audio source
Can not play a disabled audio source
Can not play a disabled audio source
Could Not Create Action: : Behaviour: Sing:  (Maybe the script was removed?)
Could Not Create Action: : Behaviour: Sing:  (Maybe the script was removed?)
Cannot set the parent of the GameObject 'Water Point L' while activating or deactivating the parent GameObject 'Caravan Troupe Flea Swimmer'.
Cannot set the parent of the GameObject 'Water Point R' while activating or deactivating the parent GameObject 'Caravan Troupe Flea Swimmer'.
Cannot set the parent of the GameObject 'Dive Point' while activating or deactivating the parent GameObject 'Caravan Troupe Flea Swimmer'.
Cannot set the parent of the GameObject 'Start Point' while activating or deactivating the parent GameObject 'Caravan Troupe Flea Swimmer'.
Cannot set the parent of the GameObject 'Water Point L' while activating or deactivating the parent GameObject 'Caravan Troupe Flea Swimmer (1)'.
Cannot set the parent of the GameObject 'Water Point R' while activating or deactivating the parent GameObject 'Caravan Troupe Flea Swimmer (1)'.
Cannot set the parent of the GameObject 'Dive Point' while activating or deactivating the parent GameObject 'Caravan Troupe Flea Swimmer (1)'.
Cannot set the parent of the GameObject 'Start Point' while activating or deactivating the parent GameObject 'Caravan Troupe Flea Swimmer (1)'.
Attempting to set `time` on an audio source that has a resource assigned that is not a clip is ignored!
Attempting to set `time` on an audio source that has a resource assigned that is not a clip is ignored!
Cannot use 'linearVelocity' on a static body.
Attempting to set `time` on an audio source that has a resource assigned that is not a clip is ignored!
Attempting to set `time` on an audio source that has a resource assigned that is not a clip is ignored!
Unloading 1 Unused Serialized files (Serialized files now loaded: 655)
Unloading 10255 unused Assets to reduce memory usage. Loaded Objects now: 141360.
Total: 300.396000 ms (FindLiveObjects: 22.753700 ms CreateObjectMapping: 11.462900 ms MarkObjects: 61.649200 ms  DeleteObjects: 204.528500 ms)

Attempting to set `time` on an audio source that has a resource assigned that is not a clip is ignored!
Attempting to set `time` on an audio source that has a resource assigned that is not a clip is ignored!
Attempting to set `time` on an audio source that has a resource assigned that is not a clip is ignored!
Attempting to set `time` on an audio source that has a resource assigned that is not a clip is ignored!
Attempting to set `time` on an audio source that has a resource assigned that is not a clip is ignored!
Attempting to set `time` on an audio source that has a resource assigned that is not a clip is ignored!
Attempting to set `time` on an audio source that has a resource assigned that is not a clip is ignored!
Attempting to set `time` on an audio source that has a resource assigned that is not a clip is ignored!
Attempting to set `time` on an audio source that has a resource assigned that is not a clip is ignored!
Attempting to set `time` on an audio source that has a resource assigned that is not a clip is ignored!
Can not play a disabled audio source
Hazard Respawn Trigger v2 (12) does not have a Hazard Respawn Marker Set
Hazard Respawn Trigger v2 (12) does not have a Hazard Respawn Marker Set
Attempting to set `time` on an audio source that has a resource assigned that is not a clip is ignored!
Attempting to set `time` on an audio source that has a resource assigned that is not a clip is ignored!
Unloading 1 Unused Serialized files (Serialized files now loaded: 626)
Unloading 4220 unused Assets to reduce memory usage. Loaded Objects now: 142508.
Total: 177.059100 ms (FindLiveObjects: 23.197300 ms CreateObjectMapping: 10.731300 ms MarkObjects: 64.778600 ms  DeleteObjects: 78.350100 ms)

Attempting to set `time` on an audio source that has a resource assigned that is not a clip is ignored!
Cannot use 'linearVelocity' on a static body.
Attempting to set `time` on an audio source that has a resource assigned that is not a clip is ignored!
Hazard Respawn Trigger v2 (12) does not have a Hazard Respawn Marker Set
Unloading 1 Unused Serialized files (Serialized files now loaded: 630)
Unloading 6037 unused Assets to reduce memory usage. Loaded Objects now: 142612.
Total: 180.400700 ms (FindLiveObjects: 26.785500 ms CreateObjectMapping: 12.938600 ms MarkObjects: 61.402600 ms  DeleteObjects: 79.272300 ms)

Attempting to set `time` on an audio source that has a resource assigned that is not a clip is ignored!
Hazard Respawn Trigger v2 (12) does not have a Hazard Respawn Marker Set
Unloading 1 Unused Serialized files (Serialized files now loaded: 630)
Unloading 3686 unused Assets to reduce memory usage. Loaded Objects now: 142648.
Total: 155.146300 ms (FindLiveObjects: 19.941100 ms CreateObjectMapping: 10.038500 ms MarkObjects: 66.223500 ms  DeleteObjects: 58.942500 ms)

Attempting to set `time` on an audio source that has a resource assigned that is not a clip is ignored!
Attempting to set `time` on an audio source that has a resource assigned that is not a clip is ignored!
Attempting to set `time` on an audio source that has a resource assigned that is not a clip is ignored!
Hazard Respawn Trigger v2 (12) does not have a Hazard Respawn Marker Set
Unloading 1 Unused Serialized files (Serialized files now loaded: 630)
Unloading 3689 unused Assets to reduce memory usage. Loaded Objects now: 142770.
Total: 152.208500 ms (FindLiveObjects: 20.798500 ms CreateObjectMapping: 9.496300 ms MarkObjects: 63.295500 ms  DeleteObjects: 58.616200 ms)

Attempting to set `time` on an audio source that has a resource assigned that is not a clip is ignored!
Hazard Respawn Trigger v2 (12) does not have a Hazard Respawn Marker Set
Unloading 1 Unused Serialized files (Serialized files now loaded: 630)
Unloading 3686 unused Assets to reduce memory usage. Loaded Objects now: 142751.
Total: 154.662100 ms (FindLiveObjects: 19.884900 ms CreateObjectMapping: 10.398000 ms MarkObjects: 63.658800 ms  DeleteObjects: 60.719600 ms)

Attempting to set `time` on an audio source that has a resource assigned that is not a clip is ignored!
Attempting to set `time` on an audio source that has a resource assigned that is not a clip is ignored!
Hazard Respawn Trigger v2 (12) does not have a Hazard Respawn Marker Set
Attempting to set `time` on an audio source that has a resource assigned that is not a clip is ignored!
Hazard Respawn Trigger v2 (12) does not have a Hazard Respawn Marker Set
Unloading 1 Unused Serialized files (Serialized files now loaded: 630)
Unloading 3688 unused Assets to reduce memory usage. Loaded Objects now: 142791.
Total: 146.815400 ms (FindLiveObjects: 20.162400 ms CreateObjectMapping: 9.047500 ms MarkObjects: 58.655800 ms  DeleteObjects: 58.949000 ms)

Attempting to set `time` on an audio source that has a resource assigned that is not a clip is ignored!
Attempting to set `time` on an audio source that has a resource assigned that is not a clip is ignored!
Hazard Respawn Trigger v2 (12) does not have a Hazard Respawn Marker Set
Unloading 1 Unused Serialized files (Serialized files now loaded: 630)
Unloading 3686 unused Assets to reduce memory usage. Loaded Objects now: 142824.
Total: 158.775900 ms (FindLiveObjects: 20.035900 ms CreateObjectMapping: 9.967000 ms MarkObjects: 69.973500 ms  DeleteObjects: 58.799000 ms)

Attempting to set `time` on an audio source that has a resource assigned that is not a clip is ignored!
Hazard Respawn Trigger v2 (12) does not have a Hazard Respawn Marker Set
Unloading 1 Unused Serialized files (Serialized files now loaded: 630)
Unloading 3686 unused Assets to reduce memory usage. Loaded Objects now: 142860.
Total: 160.867800 ms (FindLiveObjects: 19.814900 ms CreateObjectMapping: 9.320100 ms MarkObjects: 69.155500 ms  DeleteObjects: 62.576900 ms)

Attempting to set `time` on an audio source that has a resource assigned that is not a clip is ignored!
Hazard Respawn Trigger v2 (12) does not have a Hazard Respawn Marker Set
Unloading 1 Unused Serialized files (Serialized files now loaded: 629)
Unloading 3942 unused Assets to reduce memory usage. Loaded Objects now: 142916.
Total: 151.518700 ms (FindLiveObjects: 20.445000 ms CreateObjectMapping: 10.383700 ms MarkObjects: 59.712000 ms  DeleteObjects: 60.976400 ms)

Attempting to set `time` on an audio source that has a resource assigned that is not a clip is ignored!
Attempting to set `time` on an audio source that has a resource assigned that is not a clip is ignored!
Cannot use 'linearVelocity' on a static body.
Cannot set the parent of the GameObject 'Piece Barrel (1)' while activating or deactivating the parent GameObject 'Corpse Catcher'.
Cannot set the parent of the GameObject 'Piece Barrel' while activating or deactivating the parent GameObject 'Corpse Catcher'.
Cannot set the parent of the GameObject 'Piece Barrel (1)' while activating or deactivating the parent GameObject 'Corpse Catcher'.
Cannot set the parent of the GameObject 'Piece Barrel (1)' while activating or deactivating the parent GameObject 'Corpse Catcher'.
Can not play a disabled audio source
Unloading 1 Unused Serialized files (Serialized files now loaded: 661)
UnloadTime: 12.186200 ms
Unloading 12633 unused Assets to reduce memory usage. Loaded Objects now: 127971.
Total: 289.213900 ms (FindLiveObjects: 20.951600 ms CreateObjectMapping: 14.036800 ms MarkObjects: 59.976700 ms  DeleteObjects: 194.247100 ms)

Unloading 2 Unused Serialized files (Serialized files now loaded: 663)
Unloading 20 unused Assets to reduce memory usage. Loaded Objects now: 138166.
Total: 96.332300 ms (FindLiveObjects: 20.642600 ms CreateObjectMapping: 11.336800 ms MarkObjects: 63.738200 ms  DeleteObjects: 0.614000 ms)

Coroutine couldn't be started because the the game object 'Spin Collider' is inactive!
Unloading 1 Unused Serialized files (Serialized files now loaded: 615)
Unloading 4943 unused Assets to reduce memory usage. Loaded Objects now: 143016.
Total: 134.048600 ms (FindLiveObjects: 23.954100 ms CreateObjectMapping: 10.185800 ms MarkObjects: 62.231800 ms  DeleteObjects: 37.675000 ms)

Unloading 1 Unused Serialized files (Serialized files now loaded: 612)
Unloading 1837 unused Assets to reduce memory usage. Loaded Objects now: 143853.
Total: 100.037700 ms (FindLiveObjects: 20.224800 ms CreateObjectMapping: 10.059900 ms MarkObjects: 59.875400 ms  DeleteObjects: 9.857500 ms)

Unloading 1 Unused Serialized files (Serialized files now loaded: 615)
Unloading 2244 unused Assets to reduce memory usage. Loaded Objects now: 143079.
Total: 108.107100 ms (FindLiveObjects: 20.377500 ms CreateObjectMapping: 9.573200 ms MarkObjects: 57.134400 ms  DeleteObjects: 21.021500 ms)

Unloading 1 Unused Serialized files (Serialized files now loaded: 615)
Unloading 2244 unused Assets to reduce memory usage. Loaded Objects now: 143097.
Total: 108.872600 ms (FindLiveObjects: 20.957200 ms CreateObjectMapping: 9.813400 ms MarkObjects: 56.803700 ms  DeleteObjects: 21.297700 ms)

Unloading 1 Unused Serialized files (Serialized files now loaded: 615)
Unloading 2244 unused Assets to reduce memory usage. Loaded Objects now: 143113.
Total: 109.812200 ms (FindLiveObjects: 20.428300 ms CreateObjectMapping: 9.176000 ms MarkObjects: 58.876200 ms  DeleteObjects: 21.330300 ms)

Unloading 1 Unused Serialized files (Serialized files now loaded: 615)
Unloading 2244 unused Assets to reduce memory usage. Loaded Objects now: 143291.
Total: 104.760800 ms (FindLiveObjects: 20.933200 ms CreateObjectMapping: 9.852700 ms MarkObjects: 53.719700 ms  DeleteObjects: 20.254600 ms)

Unloading 1 Unused Serialized files (Serialized files now loaded: 615)
Unloading 2244 unused Assets to reduce memory usage. Loaded Objects now: 143304.
Total: 116.686600 ms (FindLiveObjects: 22.579800 ms CreateObjectMapping: 9.662000 ms MarkObjects: 62.434400 ms  DeleteObjects: 22.009800 ms)

Unloading 1 Unused Serialized files (Serialized files now loaded: 615)
Unloading 2244 unused Assets to reduce memory usage. Loaded Objects now: 143316.
Total: 105.027500 ms (FindLiveObjects: 19.854000 ms CreateObjectMapping: 9.417300 ms MarkObjects: 55.547100 ms  DeleteObjects: 20.207700 ms)

MenuButton missing flashEffect!
MenuButton missing flashEffect!
MenuButton missing flashEffect!
Unloading 1 Unused Serialized files (Serialized files now loaded: 615)
Unloading 2244 unused Assets to reduce memory usage. Loaded Objects now: 143339.
Total: 113.210100 ms (FindLiveObjects: 20.894100 ms CreateObjectMapping: 9.263400 ms MarkObjects: 60.900000 ms  DeleteObjects: 22.151900 ms)

Coroutine couldn't be started because the the game object 'Spin Collider' is inactive!
Unloading 1 Unused Serialized files (Serialized files now loaded: 615)
Unloading 2244 unused Assets to reduce memory usage. Loaded Objects now: 143356.
Total: 112.419800 ms (FindLiveObjects: 22.377000 ms CreateObjectMapping: 9.503500 ms MarkObjects: 58.560800 ms  DeleteObjects: 21.977900 ms)

Coroutine couldn't be started because the the game object 'Spin Collider' is inactive!
Unloading 1 Unused Serialized files (Serialized files now loaded: 615)
Unloading 2257 unused Assets to reduce memory usage. Loaded Objects now: 143377.
Total: 110.018000 ms (FindLiveObjects: 19.843500 ms CreateObjectMapping: 9.316400 ms MarkObjects: 60.153300 ms  DeleteObjects: 20.703100 ms)

Hazard Respawn Trigger v2 (1) does not have a Hazard Respawn Marker Set
Unloading 1 Unused Serialized files (Serialized files now loaded: 613)
Unloading 3914 unused Assets to reduce memory usage. Loaded Objects now: 143548.
Total: 118.200800 ms (FindLiveObjects: 22.342100 ms CreateObjectMapping: 10.142900 ms MarkObjects: 57.075900 ms  DeleteObjects: 28.638500 ms)

Hazard Respawn Trigger v2 (1) does not have a Hazard Respawn Marker Set
Hazard Respawn Trigger v2 (1) does not have a Hazard Respawn Marker Set
Hazard Respawn Trigger v2 (1) does not have a Hazard Respawn Marker Set
Reloading same scene! Destroying GuidComponents to prevent collisions...
Unloading 1 Unused Serialized files (Serialized files now loaded: 594)
Unloading 4592 unused Assets to reduce memory usage. Loaded Objects now: 143148.
Total: 137.924400 ms (FindLiveObjects: 22.759800 ms CreateObjectMapping: 9.892900 ms MarkObjects: 64.965600 ms  DeleteObjects: 40.304500 ms)

Attempting to set `time` on an audio source that has a resource assigned that is not a clip is ignored!
Attempting to set `time` on an audio source that has a resource assigned that is not a clip is ignored!
Unloading 1 Unused Serialized files (Serialized files now loaded: 604)
Unloading 1314 unused Assets to reduce memory usage. Loaded Objects now: 143059.
Total: 112.947200 ms (FindLiveObjects: 20.843100 ms CreateObjectMapping: 9.578400 ms MarkObjects: 67.668600 ms  DeleteObjects: 14.856300 ms)

Attempting to set `time` on an audio source that has a resource assigned that is not a clip is ignored!
Attempting to set `time` on an audio source that has a resource assigned that is not a clip is ignored!
Unloading 1 Unused Serialized files (Serialized files now loaded: 593)
Unloading 4010 unused Assets to reduce memory usage. Loaded Objects now: 143096.
Total: 128.394000 ms (FindLiveObjects: 21.766200 ms CreateObjectMapping: 10.127200 ms MarkObjects: 57.794600 ms  DeleteObjects: 38.705400 ms)

Attempting to set `time` on an audio source that has a resource assigned that is not a clip is ignored!
Attempting to set `time` on an audio source that has a resource assigned that is not a clip is ignored!
Unloading 1 Unused Serialized files (Serialized files now loaded: 590)
Unloading 4177 unused Assets to reduce memory usage. Loaded Objects now: 143534.
Total: 130.128500 ms (FindLiveObjects: 22.401900 ms CreateObjectMapping: 9.772700 ms MarkObjects: 60.353400 ms  DeleteObjects: 37.598800 ms)

Can not play a disabled audio source
Using fallback 1 to find tilemap. Scene Belltown_Shrine requires manual fixing.
Unloading 1 Unused Serialized files (Serialized files now loaded: 615)
Unloading 4546 unused Assets to reduce memory usage. Loaded Objects now: 143947.
Total: 147.349300 ms (FindLiveObjects: 23.121900 ms CreateObjectMapping: 10.985700 ms MarkObjects: 70.687700 ms  DeleteObjects: 42.553500 ms)

Using fallback 1 to find tilemap. Scene Belltown_Shrine requires manual fixing.
Unloading 1 Unused Serialized files (Serialized files now loaded: 615)
Unloading 3692 unused Assets to reduce memory usage. Loaded Objects now: 144022.
Total: 122.578600 ms (FindLiveObjects: 21.369600 ms CreateObjectMapping: 9.852800 ms MarkObjects: 54.926700 ms  DeleteObjects: 36.427900 ms)

Using fallback 1 to find tilemap. Scene Belltown_Shrine requires manual fixing.
Unloading 1 Unused Serialized files (Serialized files now loaded: 615)
Unloading 3695 unused Assets to reduce memory usage. Loaded Objects now: 144194.
Total: 121.996100 ms (FindLiveObjects: 20.796300 ms CreateObjectMapping: 9.751800 ms MarkObjects: 56.262900 ms  DeleteObjects: 35.184500 ms)

Using fallback 1 to find tilemap. Scene Belltown_Shrine requires manual fixing.
Unloading 1 Unused Serialized files (Serialized files now loaded: 615)
Unloading 3695 unused Assets to reduce memory usage. Loaded Objects now: 144266.
Total: 125.069200 ms (FindLiveObjects: 22.854200 ms CreateObjectMapping: 10.068700 ms MarkObjects: 55.920200 ms  DeleteObjects: 36.225700 ms)

Using fallback 1 to find tilemap. Scene Belltown_Shrine requires manual fixing.
Unloading 1 Unused Serialized files (Serialized files now loaded: 615)
Unloading 4549 unused Assets to reduce memory usage. Loaded Objects now: 144350.
Total: 136.448000 ms (FindLiveObjects: 21.846200 ms CreateObjectMapping: 9.807600 ms MarkObjects: 62.693300 ms  DeleteObjects: 42.099500 ms)

Using fallback 1 to find tilemap. Scene Belltown_Shrine requires manual fixing.
Unloading 1 Unused Serialized files (Serialized files now loaded: 615)
Unloading 3695 unused Assets to reduce memory usage. Loaded Objects now: 144422.
Total: 134.093900 ms (FindLiveObjects: 23.810900 ms CreateObjectMapping: 13.023800 ms MarkObjects: 59.451500 ms  DeleteObjects: 37.807000 ms)

Using fallback 1 to find tilemap. Scene Belltown_Shrine requires manual fixing.
Unloading 1 Unused Serialized files (Serialized files now loaded: 615)
Unloading 3695 unused Assets to reduce memory usage. Loaded Objects now: 144497.
Total: 134.716300 ms (FindLiveObjects: 21.592600 ms CreateObjectMapping: 9.696900 ms MarkObjects: 65.395100 ms  DeleteObjects: 38.030100 ms)

Using fallback 1 to find tilemap. Scene Belltown_Shrine requires manual fixing.
Unloading 1 Unused Serialized files (Serialized files now loaded: 615)
Unloading 3695 unused Assets to reduce memory usage. Loaded Objects now: 144576.
Total: 134.527500 ms (FindLiveObjects: 23.052800 ms CreateObjectMapping: 9.855300 ms MarkObjects: 63.738600 ms  DeleteObjects: 37.880300 ms)

Unloading 1 Unused Serialized files (Serialized files now loaded: 586)
Attempting to get `time` on an audio source that has a resource that is not a clip will always return 0.
Attempting to get `time` on an audio source that has a resource that is not a clip will always return 0.
Attempting to get `time` on an audio source that has a resource that is not a clip will always return 0.
Attempting to get `time` on an audio source that has a resource that is not a clip will always return 0.
UnloadTime: 20.616800 ms
Unloading 3737 unused Assets to reduce memory usage. Loaded Objects now: 129184.
Total: 120.749700 ms (FindLiveObjects: 15.742100 ms CreateObjectMapping: 9.898400 ms MarkObjects: 68.688900 ms  DeleteObjects: 26.419500 ms)

Inactive coroutines were cleared: 1
Unloading 0 Unused Serialized files (Serialized files now loaded: 526)
Unloading 7775 unused Assets to reduce memory usage. Loaded Objects now: 27827.
Total: 89.179000 ms (FindLiveObjects: 4.820200 ms CreateObjectMapping: 3.089400 ms MarkObjects: 52.682600 ms  DeleteObjects: 28.586000 ms)

Unloading 1 Unused Serialized files (Serialized files now loaded: 580)
UnloadTime: 1.758200 ms
Loaded saved language code 'RU'
Restored language code 'RU'
Unloading 60 unused Assets to reduce memory usage. Loaded Objects now: 75209.
Total: 82.089200 ms (FindLiveObjects: 9.246700 ms CreateObjectMapping: 4.590400 ms MarkObjects: 67.405800 ms  DeleteObjects: 0.845600 ms)

Unloading 1 Unused Serialized files (Serialized files now loaded: 578)
Unloading 0 unused Assets to reduce memory usage. Loaded Objects now: 75210.
Total: 80.948300 ms (FindLiveObjects: 9.437900 ms CreateObjectMapping: 4.544500 ms MarkObjects: 66.770800 ms  DeleteObjects: 0.194200 ms)

[Physics::Module] Cleanup current backned.
[Physics::Module] Id: 0xf2b8ea05
Input System module state changed to: ShutdownInProgress.
Input System polling thread stopped.
Input System polling thread exited.
Input System module state changed to: Shutdown.
